This is pdfTeX, Version 3.141592653-2.6-1.40.24 (TeX Live 2022/MacPorts 2022.62882_1) (preloaded format=pdflatex 2022.9.14)  28 AUG 2023 17:55
entering extended mode
 restricted \write18 enabled.
 %&-line parsing enabled.
**/Users/shunkeikakimoto/Dropbox/UM/TA/apec8211_23/Gitcontrolled/Recitation/2_p
robability/recitation2_slides.rmd

(/Users/shunkeikakimoto/Dropbox/UM/TA/apec8211_23/Gitcontrolled/Recitation/2_pr
obability/recitation2_slides.rmd
LaTeX2e <2021-11-15> patch level 1
L3 programming layer <2022-02-24>

! LaTeX Error: Missing \begin{document}.

See the LaTeX manual or LaTeX Companion for explanation.
Type  H <return>  for immediate help.
 ...                                              
                                                  
l.1 -
     --
You're in trouble here.  Try typing  <return>  to proceed.
If that doesn't work, type  X <return>  to quit.

Missing character: There is no - in font nullfont!
Missing character: There is no - in font nullfont!
Missing character: There is no - in font nullfont!
Missing character: There is no t in font nullfont!
Missing character: There is no i in font nullfont!
Missing character: There is no t in font nullfont!
Missing character: There is no l in font nullfont!
Missing character: There is no e in font nullfont!
Missing character: There is no : in font nullfont!
Missing character: There is no " in font nullfont!
Missing character: There is no R in font nullfont!
Missing character: There is no e in font nullfont!
Missing character: There is no c in font nullfont!
Missing character: There is no i in font nullfont!
Missing character: There is no t in font nullfont!
Missing character: There is no a in font nullfont!
Missing character: There is no t in font nullfont!
Missing character: There is no i in font nullfont!
Missing character: There is no o in font nullfont!
Missing character: There is no n in font nullfont!
Missing character: There is no 1 in font nullfont!
Missing character: There is no " in font nullfont!
Missing character: There is no a in font nullfont!
Missing character: There is no u in font nullfont!
Missing character: There is no t in font nullfont!
Missing character: There is no h in font nullfont!
Missing character: There is no o in font nullfont!
Missing character: There is no r in font nullfont!
Missing character: There is no : in font nullfont!
Missing character: There is no - in font nullfont!
Missing character: There is no " in font nullfont!
Missing character: There is no S in font nullfont!
Missing character: There is no h in font nullfont!
Missing character: There is no u in font nullfont!
Missing character: There is no n in font nullfont!
Missing character: There is no k in font nullfont!
Missing character: There is no e in font nullfont!
Missing character: There is no i in font nullfont!
Missing character: There is no K in font nullfont!
Missing character: There is no a in font nullfont!
Missing character: There is no k in font nullfont!
Missing character: There is no i in font nullfont!
Missing character: There is no m in font nullfont!
Missing character: There is no o in font nullfont!
Missing character: There is no t in font nullfont!
Missing character: There is no o in font nullfont!
Missing character: There is no " in font nullfont!
Missing character: There is no h in font nullfont!
Missing character: There is no e in font nullfont!
Missing character: There is no a in font nullfont!
Missing character: There is no d in font nullfont!
Missing character: There is no e in font nullfont!
Missing character: There is no r in font nullfont!
Missing character: There is no - in font nullfont!
Missing character: There is no i in font nullfont!
Missing character: There is no n in font nullfont!
Missing character: There is no c in font nullfont!
Missing character: There is no l in font nullfont!
Missing character: There is no u in font nullfont!
Missing character: There is no d in font nullfont!
Missing character: There is no e in font nullfont!
Missing character: There is no s in font nullfont!
Missing character: There is no : in font nullfont!
Missing character: There is no - in font nullfont!

! LaTeX Error: \usepackage before \documentclass.

See the LaTeX manual or LaTeX Companion for explanation.
Type  H <return>  for immediate help.
 ...                                              
                                                  
l.6    - \usepackage{
                     mathtools}
\usepackage may only appear in the document preamble, i.e.,
between \documentclass and \begin{document}.

Missing character: There is no - in font nullfont!

! LaTeX Error: \usepackage before \documentclass.

See the LaTeX manual or LaTeX Companion for explanation.
Type  H <return>  for immediate help.
 ...                                              
                                                  
l.7    - \usepackage{
                     color}
\usepackage may only appear in the document preamble, i.e.,
between \documentclass and \begin{document}.

Missing character: There is no - in font nullfont!

! LaTeX Error: \usepackage before \documentclass.

See the LaTeX manual or LaTeX Companion for explanation.
Type  H <return>  for immediate help.
 ...                                              
                                                  
l.8    - \usepackage{
                     amsmath}
\usepackage may only appear in the document preamble, i.e.,
between \documentclass and \begin{document}.

Missing character: There is no o in font nullfont!
Missing character: There is no u in font nullfont!
Missing character: There is no t in font nullfont!
Missing character: There is no p in font nullfont!
Missing character: There is no u in font nullfont!
Missing character: There is no t in font nullfont!
Missing character: There is no : in font nullfont!
Missing character: There is no x in font nullfont!
Missing character: There is no a in font nullfont!
Missing character: There is no r in font nullfont!
Missing character: There is no i in font nullfont!
Missing character: There is no n in font nullfont!
Missing character: There is no g in font nullfont!
Missing character: There is no a in font nullfont!
Missing character: There is no n in font nullfont!
Missing character: There is no : in font nullfont!
Missing character: There is no : in font nullfont!
Missing character: There is no m in font nullfont!
Missing character: There is no o in font nullfont!
Missing character: There is no o in font nullfont!
Missing character: There is no n in font nullfont!
! Missing $ inserted.
<inserted text> 
                $
l.10   xaringan::moon_
                      reader:
I've inserted a begin-math/end-math symbol since I think
you left one out. Proceed, with fingers crossed.

LaTeX Font Info:    External font `cmex10' loaded for size
(Font)              <7> on input line 10.
LaTeX Font Info:    External font `cmex10' loaded for size
(Font)              <5> on input line 10.
! Missing $ inserted.
<inserted text> 
                $
l.18 
     
I've inserted a begin-math/end-math symbol since I think
you left one out. Proceed, with fingers crossed.


Overfull \hbox (20.0pt too wide) in paragraph at lines 1--18
[]
 []


Overfull \hbox (34.5764pt too wide) in paragraph at lines 1--18
[]\OML/cmm/m/it/10 eader \OT1/cmr/m/n/10 :
 []


Overfull \hbox (19.25806pt too wide) in paragraph at lines 1--18
\OML/cmm/m/it/10 css \OT1/cmr/m/n/10 :
 []


Overfull \hbox (49.43251pt too wide) in paragraph at lines 1--18
\OML/cmm/m/it/10 xaringan \OMS/cmsy/m/n/10 ^^@
 []


Overfull \hbox (77.54974pt too wide) in paragraph at lines 1--18
\OML/cmm/m/it/10 themer:csslib[]ir \OT1/cmr/m/n/10 :
 []


Overfull \hbox (51.22992pt too wide) in paragraph at lines 1--18
\OML/cmm/m/it/10 libsnature \OT1/cmr/m/n/10 :
 []


Overfull \hbox (70.19698pt too wide) in paragraph at lines 1--18
\OML/cmm/m/it/10 highlightStyle \OT1/cmr/m/n/10 :
 []


Overfull \hbox (100.33846pt too wide) in paragraph at lines 1--18
\OML/cmm/m/it/10 githubhighlightLines \OT1/cmr/m/n/10 :
 []


Overfull \hbox (26.55913pt too wide) in paragraph at lines 1--18
\OML/cmm/m/it/10 true \OMS/cmsy/m/n/10 ^^@
 []


Overfull \hbox (15.5556pt too wide) in paragraph at lines 1--18
\OMS/cmsy/m/n/10 ^^@ ^^@
 []


Overfull \hbox (27.72452pt too wide) in paragraph at lines 1--18
\OML/cmm/m/it/10 class \OT1/cmr/m/n/10 :
 []


Overfull \hbox (30.47183pt too wide) in paragraph at lines 1--18
\OML/cmm/m/it/10 middle$ 
 []


! LaTeX Error: Missing \begin{document}.

See the LaTeX manual or LaTeX Companion for explanation.
Type  H <return>  for immediate help.
 ...                                              
                                                  
l.19 `
      ``{r, child = 'setup.rmd', cache = FALSE}
You're in trouble here.  Try typing  <return>  to proceed.
If that doesn't work, type  X <return>  to quit.

Missing character: There is no ` in font nullfont!
Missing character: There is no ` in font nullfont!
Missing character: There is no ` in font nullfont!
Missing character: There is no r in font nullfont!
Missing character: There is no , in font nullfont!
Missing character: There is no c in font nullfont!
Missing character: There is no h in font nullfont!
Missing character: There is no i in font nullfont!
Missing character: There is no l in font nullfont!
Missing character: There is no d in font nullfont!
Missing character: There is no = in font nullfont!
Missing character: There is no ' in font nullfont!
Missing character: There is no s in font nullfont!
Missing character: There is no e in font nullfont!
Missing character: There is no t in font nullfont!
Missing character: There is no u in font nullfont!
Missing character: There is no p in font nullfont!
Missing character: There is no . in font nullfont!
Missing character: There is no r in font nullfont!
Missing character: There is no m in font nullfont!
Missing character: There is no d in font nullfont!
Missing character: There is no ' in font nullfont!
Missing character: There is no , in font nullfont!
Missing character: There is no c in font nullfont!
Missing character: There is no a in font nullfont!
Missing character: There is no c in font nullfont!
Missing character: There is no h in font nullfont!
Missing character: There is no e in font nullfont!
Missing character: There is no = in font nullfont!
Missing character: There is no F in font nullfont!
Missing character: There is no A in font nullfont!
Missing character: There is no L in font nullfont!
Missing character: There is no S in font nullfont!
Missing character: There is no E in font nullfont!
Missing character: There is no ` in font nullfont!
Missing character: There is no ` in font nullfont!
Missing character: There is no ` in font nullfont!

Overfull \hbox (20.0pt too wide) in paragraph at lines 19--21
[]
 []


! LaTeX Error: Missing \begin{document}.

See the LaTeX manual or LaTeX Companion for explanation.
Type  H <return>  for immediate help.
 ...                                              
                                                  
l.23 `
      ``{r, include = F, cache = FALSE}
You're in trouble here.  Try typing  <return>  to proceed.
If that doesn't work, type  X <return>  to quit.

Missing character: There is no ` in font nullfont!
Missing character: There is no ` in font nullfont!
Missing character: There is no ` in font nullfont!
Missing character: There is no r in font nullfont!
Missing character: There is no , in font nullfont!
Missing character: There is no i in font nullfont!
Missing character: There is no n in font nullfont!
Missing character: There is no c in font nullfont!
Missing character: There is no l in font nullfont!
Missing character: There is no u in font nullfont!
Missing character: There is no d in font nullfont!
Missing character: There is no e in font nullfont!
Missing character: There is no = in font nullfont!
Missing character: There is no F in font nullfont!
Missing character: There is no , in font nullfont!
Missing character: There is no c in font nullfont!
Missing character: There is no a in font nullfont!
Missing character: There is no c in font nullfont!
Missing character: There is no h in font nullfont!
Missing character: There is no e in font nullfont!
Missing character: There is no = in font nullfont!
Missing character: There is no F in font nullfont!
Missing character: There is no A in font nullfont!
Missing character: There is no L in font nullfont!
Missing character: There is no S in font nullfont!
Missing character: There is no E in font nullfont!
! You can't use `macro parameter character #' in horizontal mode.
l.24 #
       here::i_am("GitControlled/Recitation/1_Introduction/recitation1_slide...
Sorry, but I'm not programmed to handle this case;
I'll just pretend that you didn't ask for it.
If you're in the wrong mode, you might be able to
return to the right one by typing `I}' or `I$' or `I\par'.

Missing character: There is no h in font nullfont!
Missing character: There is no e in font nullfont!
Missing character: There is no r in font nullfont!
Missing character: There is no e in font nullfont!
Missing character: There is no : in font nullfont!
Missing character: There is no : in font nullfont!
Missing character: There is no i in font nullfont!
! Missing $ inserted.
<inserted text> 
                $
l.24 # here::i_
               am("GitControlled/Recitation/1_Introduction/recitation1_slide...
I've inserted a begin-math/end-math symbol since I think
you left one out. Proceed, with fingers crossed.

! Missing $ inserted.
<inserted text> 
                $
l.26 
     
I've inserted a begin-math/end-math symbol since I think
you left one out. Proceed, with fingers crossed.


Overfull \hbox (20.0pt too wide) in paragraph at lines 23--26
[]
 []


Overfull \hbox (322.19926pt too wide) in paragraph at lines 23--26
[]\OML/cmm/m/it/10 m\OT1/cmr/m/n/10 ("\OML/cmm/m/it/10 GitControlled=Recitation
=\OT1/cmr/m/n/10 1[]\OML/cmm/m/it/10 ntroduction=recitation\OT1/cmr/m/n/10 1[]\
OML/cmm/m/it/10 lides:rmd\OT1/cmr/m/n/10 ")\`$ 
 []


! LaTeX Error: Missing \begin{document}.

See the LaTeX manual or LaTeX Companion for explanation.
Type  H <return>  for immediate help.
 ...                                              
                                                  
l.27 `
      ``{r, eval=F, include=F}
You're in trouble here.  Try typing  <return>  to proceed.
If that doesn't work, type  X <return>  to quit.

Missing character: There is no ` in font nullfont!
Missing character: There is no ` in font nullfont!
Missing character: There is no ` in font nullfont!
Missing character: There is no r in font nullfont!
Missing character: There is no , in font nullfont!
Missing character: There is no e in font nullfont!
Missing character: There is no v in font nullfont!
Missing character: There is no a in font nullfont!
Missing character: There is no l in font nullfont!
Missing character: There is no = in font nullfont!
Missing character: There is no F in font nullfont!
Missing character: There is no , in font nullfont!
Missing character: There is no i in font nullfont!
Missing character: There is no n in font nullfont!
Missing character: There is no c in font nullfont!
Missing character: There is no l in font nullfont!
Missing character: There is no u in font nullfont!
Missing character: There is no d in font nullfont!
Missing character: There is no e in font nullfont!
Missing character: There is no = in font nullfont!
Missing character: There is no F in font nullfont!
Missing character: There is no h in font nullfont!
Missing character: There is no t in font nullfont!
Missing character: There is no t in font nullfont!
Missing character: There is no p in font nullfont!
Missing character: There is no g in font nullfont!
Missing character: There is no d in font nullfont!
Missing character: There is no : in font nullfont!
Missing character: There is no : in font nullfont!
Missing character: There is no h in font nullfont!
Missing character: There is no g in font nullfont!
Missing character: There is no d in font nullfont!
Missing character: There is no ( in font nullfont!
Missing character: There is no ) in font nullfont!
Missing character: There is no h in font nullfont!
Missing character: There is no t in font nullfont!
Missing character: There is no t in font nullfont!
Missing character: There is no p in font nullfont!
Missing character: There is no g in font nullfont!
Missing character: There is no d in font nullfont!
Missing character: There is no : in font nullfont!
Missing character: There is no : in font nullfont!
Missing character: There is no h in font nullfont!
Missing character: There is no g in font nullfont!
Missing character: There is no d in font nullfont!
! Missing $ inserted.
<inserted text> 
                $
l.29 httpgd::hgd_
                 browse()
I've inserted a begin-math/end-math symbol since I think
you left one out. Proceed, with fingers crossed.

! Missing $ inserted.
<inserted text> 
                $
l.31 
     
I've inserted a begin-math/end-math symbol since I think
you left one out. Proceed, with fingers crossed.


Overfull \hbox (20.0pt too wide) in paragraph at lines 27--31
[]
 []


Overfull \hbox (45.98088pt too wide) in paragraph at lines 27--31
[]\OML/cmm/m/it/10 rowse\OT1/cmr/m/n/10 ()\`$ 
 []


! LaTeX Error: Missing \begin{document}.

See the LaTeX manual or LaTeX Companion for explanation.
Type  H <return>  for immediate help.
 ...                                              
                                                  
l.32 `
      ``{r tmap-layout, cache = FALSE}
You're in trouble here.  Try typing  <return>  to proceed.
If that doesn't work, type  X <return>  to quit.

Missing character: There is no ` in font nullfont!
Missing character: There is no ` in font nullfont!
Missing character: There is no ` in font nullfont!
Missing character: There is no r in font nullfont!
Missing character: There is no t in font nullfont!
Missing character: There is no m in font nullfont!
Missing character: There is no a in font nullfont!
Missing character: There is no p in font nullfont!
Missing character: There is no - in font nullfont!
Missing character: There is no l in font nullfont!
Missing character: There is no a in font nullfont!
Missing character: There is no y in font nullfont!
Missing character: There is no o in font nullfont!
Missing character: There is no u in font nullfont!
Missing character: There is no t in font nullfont!
Missing character: There is no , in font nullfont!
Missing character: There is no c in font nullfont!
Missing character: There is no a in font nullfont!
Missing character: There is no c in font nullfont!
Missing character: There is no h in font nullfont!
Missing character: There is no e in font nullfont!
Missing character: There is no = in font nullfont!
Missing character: There is no F in font nullfont!
Missing character: There is no A in font nullfont!
Missing character: There is no L in font nullfont!
Missing character: There is no S in font nullfont!
Missing character: There is no E in font nullfont!
Missing character: There is no t in font nullfont!
Missing character: There is no m in font nullfont!
! Missing $ inserted.
<inserted text> 
                $
l.33 tm_
        layout_to_add <-
I've inserted a begin-math/end-math symbol since I think
you left one out. Proceed, with fingers crossed.

! Missing $ inserted.
<inserted text> 
                $
l.41 
     
I've inserted a begin-math/end-math symbol since I think
you left one out. Proceed, with fingers crossed.


Overfull \hbox (20.0pt too wide) in paragraph at lines 32--41
[]
 []


Overfull \hbox (61.97083pt too wide) in paragraph at lines 32--41
[]\OML/cmm/m/it/10 ayout[]o[]dd <
 []


Overfull \hbox (126.19658pt too wide) in paragraph at lines 32--41
\OMS/cmsy/m/n/10 ^^@\OML/cmm/m/it/10 tm[]ayout\OT1/cmr/m/n/10 (\OML/cmm/m/it/10
 legend:outside \OT1/cmr/m/n/10 =
 []


Overfull \hbox (85.26302pt too wide) in paragraph at lines 32--41
\OT1/cmr/m/n/10 "\OML/cmm/m/it/10 TRUE\OT1/cmr/m/n/10 "\OML/cmm/m/it/10 ; frame
 \OT1/cmr/m/n/10 =
 []


Overfull \hbox (122.55934pt too wide) in paragraph at lines 32--41
\OML/cmm/m/it/10 FALSE; legend:title:size \OT1/cmr/m/n/10 =
 []


Overfull \hbox (89.85725pt too wide) in paragraph at lines 32--41
\OT1/cmr/m/n/10 2\OML/cmm/m/it/10 ; legend:text:size \OT1/cmr/m/n/10 =
 []


Overfull \hbox (24.44452pt too wide) in paragraph at lines 32--41
\OT1/cmr/m/n/10 1\OML/cmm/m/it/10 :\OT1/cmr/m/n/10 5)\`$ 
 []


! LaTeX Error: Missing \begin{document}.

See the LaTeX manual or LaTeX Companion for explanation.
Type  H <return>  for immediate help.
 ...                                              
                                                  
l.43 `
      ``{r figure_setup, cache = F}
You're in trouble here.  Try typing  <return>  to proceed.
If that doesn't work, type  X <return>  to quit.

Missing character: There is no ` in font nullfont!
Missing character: There is no ` in font nullfont!
Missing character: There is no ` in font nullfont!
Missing character: There is no r in font nullfont!
Missing character: There is no f in font nullfont!
Missing character: There is no i in font nullfont!
Missing character: There is no g in font nullfont!
Missing character: There is no u in font nullfont!
Missing character: There is no r in font nullfont!
Missing character: There is no e in font nullfont!
! Missing $ inserted.
<inserted text> 
                $
l.43 ```{r figure_
                  setup, cache = F}
I've inserted a begin-math/end-math symbol since I think
you left one out. Proceed, with fingers crossed.

! Extra }, or forgotten $.
l.43 ```{r figure_setup, cache = F}
                                   
I've deleted a group-closing symbol because it seems to be
spurious, as in `$x}$'. But perhaps the } is legitimate and
you forgot something else, as in `\hbox{$x}'. In such cases
the way to recover is to insert both the forgotten and the
deleted material, e.g., by typing `I$}'.

! You can't use `macro parameter character #' in math mode.
l.66   #
        --- legend ---#
Sorry, but I'm not programmed to handle this case;
I'll just pretend that you didn't ask for it.
If you're in the wrong mode, you might be able to
return to the right one by typing `I}' or `I$' or `I\par'.

! You can't use `macro parameter character #' in math mode.
l.66   #--- legend ---#
                       
Sorry, but I'm not programmed to handle this case;
I'll just pretend that you didn't ask for it.
If you're in the wrong mode, you might be able to
return to the right one by typing `I}' or `I$' or `I\par'.

! You can't use `macro parameter character #' in math mode.
l.76   #
        --- strip (for faceting) ---#
Sorry, but I'm not programmed to handle this case;
I'll just pretend that you didn't ask for it.
If you're in the wrong mode, you might be able to
return to the right one by typing `I}' or `I$' or `I\par'.

! You can't use `macro parameter character #' in math mode.
l.76   #--- strip (for faceting) ---#
                                     
Sorry, but I'm not programmed to handle this case;
I'll just pretend that you didn't ask for it.
If you're in the wrong mode, you might be able to
return to the right one by typing `I}' or `I$' or `I\par'.

! You can't use `macro parameter character #' in math mode.
l.78   #
        --- plot title ---#
Sorry, but I'm not programmed to handle this case;
I'll just pretend that you didn't ask for it.
If you're in the wrong mode, you might be able to
return to the right one by typing `I}' or `I$' or `I\par'.

! You can't use `macro parameter character #' in math mode.
l.78   #--- plot title ---#
                           
Sorry, but I'm not programmed to handle this case;
I'll just pretend that you didn't ask for it.
If you're in the wrong mode, you might be able to
return to the right one by typing `I}' or `I$' or `I\par'.

! You can't use `macro parameter character #' in math mode.
l.80   #
        --- margin ---#
Sorry, but I'm not programmed to handle this case;
I'll just pretend that you didn't ask for it.
If you're in the wrong mode, you might be able to
return to the right one by typing `I}' or `I$' or `I\par'.

! You can't use `macro parameter character #' in math mode.
l.80   #--- margin ---#
                       
Sorry, but I'm not programmed to handle this case;
I'll just pretend that you didn't ask for it.
If you're in the wrong mode, you might be able to
return to the right one by typing `I}' or `I$' or `I\par'.

! You can't use `macro parameter character #' in math mode.
l.81   #
         plot.margin = margin(0, 0, 0, 0, "cm"),
Sorry, but I'm not programmed to handle this case;
I'll just pretend that you didn't ask for it.
If you're in the wrong mode, you might be able to
return to the right one by typing `I}' or `I$' or `I\par'.

! You can't use `macro parameter character #' in math mode.
l.82   #
        --- panel ---#
Sorry, but I'm not programmed to handle this case;
I'll just pretend that you didn't ask for it.
If you're in the wrong mode, you might be able to
return to the right one by typing `I}' or `I$' or `I\par'.

! You can't use `macro parameter character #' in math mode.
l.82   #--- panel ---#
                      
Sorry, but I'm not programmed to handle this case;
I'll just pretend that you didn't ask for it.
If you're in the wrong mode, you might be able to
return to the right one by typing `I}' or `I$' or `I\par'.

! Missing $ inserted.
<inserted text> 
                $
l.89 
     
I've inserted a begin-math/end-math symbol since I think
you left one out. Proceed, with fingers crossed.


Overfull \hbox (20.0pt too wide) in paragraph at lines 43--89
[]
 []


Overfull \hbox (62.65631pt too wide) in paragraph at lines 43--89
[]\OML/cmm/m/it/10 etup; cache \OT1/cmr/m/n/10 =
 []


Overfull \hbox (127.6555pt too wide) in paragraph at lines 43--89
\OML/cmm/m/it/10 Ftheme[]pdate\OT1/cmr/m/n/10 (\OML/cmm/m/it/10 axis:title:x \O
T1/cmr/m/n/10 =
 []


Overfull \hbox (85.37007pt too wide) in paragraph at lines 43--89
\OML/cmm/m/it/10 element[]ext\OT1/cmr/m/n/10 (\OML/cmm/m/it/10 size \OT1/cmr/m/
n/10 =
 []


Overfull \hbox (44.25348pt too wide) in paragraph at lines 43--89
\OT1/cmr/m/n/10 9\OML/cmm/m/it/10 ; angle \OT1/cmr/m/n/10 =
 []


Overfull \hbox (44.4752pt too wide) in paragraph at lines 43--89
\OT1/cmr/m/n/10 0\OML/cmm/m/it/10 ; hjust \OT1/cmr/m/n/10 =
 []


Overfull \hbox (46.69742pt too wide) in paragraph at lines 43--89
\OML/cmm/m/it/10 :\OT1/cmr/m/n/10 5\OML/cmm/m/it/10 ; vjust \OT1/cmr/m/n/10 =
 []


Overfull \hbox (55.79752pt too wide) in paragraph at lines 43--89
\OMS/cmsy/m/n/10 ^^@\OT1/cmr/m/n/10 0\OML/cmm/m/it/10 :\OT1/cmr/m/n/10 3\OML/cm
m/m/it/10 ; face \OT1/cmr/m/n/10 =
 []


Overfull \hbox (100.2892pt too wide) in paragraph at lines 43--89
\OT1/cmr/m/n/10 "\OML/cmm/m/it/10 plain\OT1/cmr/m/n/10 ")\OML/cmm/m/it/10 ; axi
s:title:y \OT1/cmr/m/n/10 =
 []


Overfull \hbox (85.37007pt too wide) in paragraph at lines 43--89
\OML/cmm/m/it/10 element[]ext\OT1/cmr/m/n/10 (\OML/cmm/m/it/10 size \OT1/cmr/m/
n/10 =
 []


Overfull \hbox (44.25348pt too wide) in paragraph at lines 43--89
\OT1/cmr/m/n/10 9\OML/cmm/m/it/10 ; angle \OT1/cmr/m/n/10 =
 []


Overfull \hbox (49.47522pt too wide) in paragraph at lines 43--89
\OT1/cmr/m/n/10 90\OML/cmm/m/it/10 ; hjust \OT1/cmr/m/n/10 =
 []


Overfull \hbox (46.69742pt too wide) in paragraph at lines 43--89
\OML/cmm/m/it/10 :\OT1/cmr/m/n/10 5\OML/cmm/m/it/10 ; vjust \OT1/cmr/m/n/10 =
 []


Overfull \hbox (43.0197pt too wide) in paragraph at lines 43--89
\OML/cmm/m/it/10 :\OT1/cmr/m/n/10 9\OML/cmm/m/it/10 ; face \OT1/cmr/m/n/10 =
 []


Overfull \hbox (99.83244pt too wide) in paragraph at lines 43--89
\OT1/cmr/m/n/10 "\OML/cmm/m/it/10 plain\OT1/cmr/m/n/10 ")\OML/cmm/m/it/10 ; axi
s:text:x \OT1/cmr/m/n/10 =
 []


Overfull \hbox (85.37007pt too wide) in paragraph at lines 43--89
\OML/cmm/m/it/10 element[]ext\OT1/cmr/m/n/10 (\OML/cmm/m/it/10 size \OT1/cmr/m/
n/10 =
 []


Overfull \hbox (44.25348pt too wide) in paragraph at lines 43--89
\OT1/cmr/m/n/10 7\OML/cmm/m/it/10 ; angle \OT1/cmr/m/n/10 =
 []


Overfull \hbox (44.4752pt too wide) in paragraph at lines 43--89
\OT1/cmr/m/n/10 0\OML/cmm/m/it/10 ; hjust \OT1/cmr/m/n/10 =
 []


Overfull \hbox (46.69742pt too wide) in paragraph at lines 43--89
\OML/cmm/m/it/10 :\OT1/cmr/m/n/10 5\OML/cmm/m/it/10 ; vjust \OT1/cmr/m/n/10 =
 []


Overfull \hbox (48.01971pt too wide) in paragraph at lines 43--89
\OT1/cmr/m/n/10 1\OML/cmm/m/it/10 :\OT1/cmr/m/n/10 5\OML/cmm/m/it/10 ; face \OT
1/cmr/m/n/10 =
 []


Overfull \hbox (99.37877pt too wide) in paragraph at lines 43--89
\OT1/cmr/m/n/10 "\OML/cmm/m/it/10 plain\OT1/cmr/m/n/10 ")\OML/cmm/m/it/10 ; axi
s:text:y \OT1/cmr/m/n/10 =
 []


Overfull \hbox (85.37007pt too wide) in paragraph at lines 43--89
\OML/cmm/m/it/10 element[]ext\OT1/cmr/m/n/10 (\OML/cmm/m/it/10 size \OT1/cmr/m/
n/10 =
 []


Overfull \hbox (44.25348pt too wide) in paragraph at lines 43--89
\OT1/cmr/m/n/10 7\OML/cmm/m/it/10 ; angle \OT1/cmr/m/n/10 =
 []


Overfull \hbox (44.4752pt too wide) in paragraph at lines 43--89
\OT1/cmr/m/n/10 0\OML/cmm/m/it/10 ; hjust \OT1/cmr/m/n/10 =
 []


Overfull \hbox (43.91963pt too wide) in paragraph at lines 43--89
\OT1/cmr/m/n/10 1\OML/cmm/m/it/10 ; vjust \OT1/cmr/m/n/10 =
 []


Overfull \hbox (40.24191pt too wide) in paragraph at lines 43--89
\OT1/cmr/m/n/10 0\OML/cmm/m/it/10 ; face \OT1/cmr/m/n/10 =
 []


Overfull \hbox (95.33777pt too wide) in paragraph at lines 43--89
\OT1/cmr/m/n/10 "\OML/cmm/m/it/10 plain\OT1/cmr/m/n/10 ")\OML/cmm/m/it/10 ; axi
s:ticks \OT1/cmr/m/n/10 =
 []


Overfull \hbox (85.03978pt too wide) in paragraph at lines 43--89
\OML/cmm/m/it/10 element[]ine\OT1/cmr/m/n/10 (\OML/cmm/m/it/10 size \OT1/cmr/m/
n/10 =
 []


Overfull \hbox (63.62228pt too wide) in paragraph at lines 43--89
\OT1/cmr/m/n/10 0\OML/cmm/m/it/10 :\OT1/cmr/m/n/10 3\OML/cmm/m/it/10 ; linetype
 \OT1/cmr/m/n/10 =
 []


Overfull \hbox (124.876pt too wide) in paragraph at lines 43--89
\OT1/cmr/m/n/10 "\OML/cmm/m/it/10 solid\OT1/cmr/m/n/10 ")\OML/cmm/m/it/10 ; axi
s:ticks:length \OT1/cmr/m/n/10 =
 []


Overfull \hbox (86.89095pt too wide) in paragraph at lines 43--89
\OML/cmm/m/it/10 unit\OT1/cmr/m/n/10 (\OML/cmm/m/it/10 :\OT1/cmr/m/n/10 15\OML/
cmm/m/it/10 ; \OT1/cmr/m/n/10 "\OML/cmm/m/it/10 cm\OT1/cmr/m/n/10 ")\OML/cmm/m/
it/10 ; \OMS/cmsy/m/n/10 ^^@ ^^@
 []


Overfull \hbox (44.38438pt too wide) in paragraph at lines 43--89
\OMS/cmsy/m/n/10 ^^@\OML/cmm/m/it/10 legend \OMS/cmsy/m/n/10 ^^@
 []


Overfull \hbox (15.5556pt too wide) in paragraph at lines 43--89
\OMS/cmsy/m/n/10 ^^@ ^^@
 []


Overfull \hbox (59.75584pt too wide) in paragraph at lines 43--89
\OML/cmm/m/it/10 legend:text \OT1/cmr/m/n/10 =
 []


Overfull \hbox (85.37007pt too wide) in paragraph at lines 43--89
\OML/cmm/m/it/10 element[]ext\OT1/cmr/m/n/10 (\OML/cmm/m/it/10 size \OT1/cmr/m/
n/10 =
 []


Overfull \hbox (44.25348pt too wide) in paragraph at lines 43--89
\OT1/cmr/m/n/10 7\OML/cmm/m/it/10 ; angle \OT1/cmr/m/n/10 =
 []


Overfull \hbox (44.4752pt too wide) in paragraph at lines 43--89
\OT1/cmr/m/n/10 0\OML/cmm/m/it/10 ; hjust \OT1/cmr/m/n/10 =
 []


Overfull \hbox (43.91963pt too wide) in paragraph at lines 43--89
\OT1/cmr/m/n/10 0\OML/cmm/m/it/10 ; vjust \OT1/cmr/m/n/10 =
 []


Overfull \hbox (40.24191pt too wide) in paragraph at lines 43--89
\OT1/cmr/m/n/10 0\OML/cmm/m/it/10 ; face \OT1/cmr/m/n/10 =
 []


Overfull \hbox (101.94481pt too wide) in paragraph at lines 43--89
\OT1/cmr/m/n/10 "\OML/cmm/m/it/10 plain\OT1/cmr/m/n/10 ")\OML/cmm/m/it/10 ; leg
end:title \OT1/cmr/m/n/10 =
 []


Overfull \hbox (85.37007pt too wide) in paragraph at lines 43--89
\OML/cmm/m/it/10 element[]ext\OT1/cmr/m/n/10 (\OML/cmm/m/it/10 size \OT1/cmr/m/
n/10 =
 []


Overfull \hbox (44.25348pt too wide) in paragraph at lines 43--89
\OT1/cmr/m/n/10 7\OML/cmm/m/it/10 ; angle \OT1/cmr/m/n/10 =
 []


Overfull \hbox (44.4752pt too wide) in paragraph at lines 43--89
\OT1/cmr/m/n/10 0\OML/cmm/m/it/10 ; hjust \OT1/cmr/m/n/10 =
 []


Overfull \hbox (43.91963pt too wide) in paragraph at lines 43--89
\OT1/cmr/m/n/10 0\OML/cmm/m/it/10 ; vjust \OT1/cmr/m/n/10 =
 []


Overfull \hbox (40.24191pt too wide) in paragraph at lines 43--89
\OT1/cmr/m/n/10 0\OML/cmm/m/it/10 ; face \OT1/cmr/m/n/10 =
 []


Overfull \hbox (119.5363pt too wide) in paragraph at lines 43--89
\OT1/cmr/m/n/10 "\OML/cmm/m/it/10 plain\OT1/cmr/m/n/10 ")\OML/cmm/m/it/10 ; leg
end:key:size \OT1/cmr/m/n/10 =
 []


Overfull \hbox (86.89095pt too wide) in paragraph at lines 43--89
\OML/cmm/m/it/10 unit\OT1/cmr/m/n/10 (0\OML/cmm/m/it/10 :\OT1/cmr/m/n/10 5\OML/
cmm/m/it/10 ; \OT1/cmr/m/n/10 "\OML/cmm/m/it/10 cm\OT1/cmr/m/n/10 ")\OML/cmm/m/
it/10 ; \OMS/cmsy/m/n/10 ^^@ ^^@
 []


Overfull \hbox (98.93565pt too wide) in paragraph at lines 43--89
\OMS/cmsy/m/n/10 ^^@\OML/cmm/m/it/10 strip\OT1/cmr/m/n/10 (\OML/cmm/m/it/10 for
faceting\OT1/cmr/m/n/10 ) \OMS/cmsy/m/n/10 ^^@
 []


Overfull \hbox (15.5556pt too wide) in paragraph at lines 43--89
\OMS/cmsy/m/n/10 ^^@ ^^@
 []


Overfull \hbox (52.49142pt too wide) in paragraph at lines 43--89
\OML/cmm/m/it/10 strip:text \OT1/cmr/m/n/10 =
 []


Overfull \hbox (85.37007pt too wide) in paragraph at lines 43--89
\OML/cmm/m/it/10 element[]ext\OT1/cmr/m/n/10 (\OML/cmm/m/it/10 size \OT1/cmr/m/
n/10 =
 []


Overfull \hbox (28.88893pt too wide) in paragraph at lines 43--89
\OT1/cmr/m/n/10 7)\OML/cmm/m/it/10 ; \OMS/cmsy/m/n/10 ^^@ ^^@
 []


Overfull \hbox (50.72997pt too wide) in paragraph at lines 43--89
\OMS/cmsy/m/n/10 ^^@\OML/cmm/m/it/10 plottitle \OMS/cmsy/m/n/10 ^^@
 []


Overfull \hbox (15.5556pt too wide) in paragraph at lines 43--89
\OMS/cmsy/m/n/10 ^^@ ^^@
 []


Overfull \hbox (48.50766pt too wide) in paragraph at lines 43--89
\OML/cmm/m/it/10 plot:title \OT1/cmr/m/n/10 =
 []


Overfull \hbox (99.41646pt too wide) in paragraph at lines 43--89
\OML/cmm/m/it/10 element[]ext\OT1/cmr/m/n/10 (\OML/cmm/m/it/10 family \OT1/cmr/
m/n/10 =
 []


Overfull \hbox (74.04361pt too wide) in paragraph at lines 43--89
\OT1/cmr/m/n/10 "\OML/cmm/m/it/10 Times\OT1/cmr/m/n/10 "\OML/cmm/m/it/10 ; face
 \OT1/cmr/m/n/10 =
 []


Overfull \hbox (60.40347pt too wide) in paragraph at lines 43--89
\OT1/cmr/m/n/10 "\OML/cmm/m/it/10 bold\OT1/cmr/m/n/10 "\OML/cmm/m/it/10 ; size 
\OT1/cmr/m/n/10 =
 []


Overfull \hbox (28.88893pt too wide) in paragraph at lines 43--89
\OT1/cmr/m/n/10 9)\OML/cmm/m/it/10 ; \OMS/cmsy/m/n/10 ^^@ ^^@
 []


Overfull \hbox (48.98694pt too wide) in paragraph at lines 43--89
\OMS/cmsy/m/n/10 ^^@\OML/cmm/m/it/10 margin \OMS/cmsy/m/n/10 ^^@
 []


Overfull \hbox (15.5556pt too wide) in paragraph at lines 43--89
\OMS/cmsy/m/n/10 ^^@ ^^@
 []


Overfull \hbox (63.4348pt too wide) in paragraph at lines 43--89
\OML/cmm/m/it/10 plot:margin \OT1/cmr/m/n/10 =
 []


Overfull \hbox (122.09459pt too wide) in paragraph at lines 43--89
\OML/cmm/m/it/10 margin\OT1/cmr/m/n/10 (0\OML/cmm/m/it/10 ; \OT1/cmr/m/n/10 0\O
ML/cmm/m/it/10 ; \OT1/cmr/m/n/10 0\OML/cmm/m/it/10 ; \OT1/cmr/m/n/10 0\OML/cmm/
m/it/10 ; \OT1/cmr/m/n/10 "\OML/cmm/m/it/10 cm\OT1/cmr/m/n/10 ")\OML/cmm/m/it/1
0 ; \OMS/cmsy/m/n/10 ^^@ ^^@
 []


Overfull \hbox (39.71193pt too wide) in paragraph at lines 43--89
\OMS/cmsy/m/n/10 ^^@\OML/cmm/m/it/10 panel \OMS/cmsy/m/n/10 ^^@
 []


Overfull \hbox (15.5556pt too wide) in paragraph at lines 43--89
\OMS/cmsy/m/n/10 ^^@ ^^@
 []


Overfull \hbox (87.22835pt too wide) in paragraph at lines 43--89
\OML/cmm/m/it/10 panel:grid:major \OT1/cmr/m/n/10 =
 []


Overfull \hbox (158.47095pt too wide) in paragraph at lines 43--89
\OML/cmm/m/it/10 element[]lank\OT1/cmr/m/n/10 ()\OML/cmm/m/it/10 ; panel:grid:m
inor \OT1/cmr/m/n/10 =
 []


Overfull \hbox (160.38393pt too wide) in paragraph at lines 43--89
\OML/cmm/m/it/10 element[]lank\OT1/cmr/m/n/10 ()\OML/cmm/m/it/10 ; panel:backgr
ound \OT1/cmr/m/n/10 =
 []


Overfull \hbox (137.83987pt too wide) in paragraph at lines 43--89
\OML/cmm/m/it/10 element[]lank\OT1/cmr/m/n/10 ()\OML/cmm/m/it/10 ; panel:border
 \OT1/cmr/m/n/10 =
 []


Overfull \hbox (82.78911pt too wide) in paragraph at lines 43--89
\OML/cmm/m/it/10 element[]ect\OT1/cmr/m/n/10 (\OML/cmm/m/it/10 fill \OT1/cmr/m/
n/10 =
 []


Overfull \hbox (32.18059pt too wide) in paragraph at lines 43--89
\OML/cmm/m/it/10 NA\OT1/cmr/m/n/10 ))\`$ 
 []

! You can't use `macro parameter character #' in vertical mode.
l.91 #
       Outline
Sorry, but I'm not programmed to handle this case;
I'll just pretend that you didn't ask for it.
If you're in the wrong mode, you might be able to
return to the right one by typing `I}' or `I$' or `I\par'.


! LaTeX Error: Missing \begin{document}.

See the LaTeX manual or LaTeX Companion for explanation.
Type  H <return>  for immediate help.
 ...                                              
                                                  
l.91 # O
        utline
You're in trouble here.  Try typing  <return>  to proceed.
If that doesn't work, type  X <return>  to quit.

Missing character: There is no O in font nullfont!
Missing character: There is no u in font nullfont!
Missing character: There is no t in font nullfont!
Missing character: There is no l in font nullfont!
Missing character: There is no i in font nullfont!
Missing character: There is no n in font nullfont!
Missing character: There is no e in font nullfont!

Overfull \hbox (20.0pt too wide) in paragraph at lines 91--92
[] 
 []


! LaTeX Error: Missing \begin{document}.

See the LaTeX manual or LaTeX Companion for explanation.
Type  H <return>  for immediate help.
 ...                                              
                                                  
l.93 1
      . [Review some contexts](#intro)
You're in trouble here.  Try typing  <return>  to proceed.
If that doesn't work, type  X <return>  to quit.

Missing character: There is no 1 in font nullfont!
Missing character: There is no . in font nullfont!
Missing character: There is no [ in font nullfont!
Missing character: There is no R in font nullfont!
Missing character: There is no e in font nullfont!
Missing character: There is no v in font nullfont!
Missing character: There is no i in font nullfont!
Missing character: There is no e in font nullfont!
Missing character: There is no w in font nullfont!
Missing character: There is no s in font nullfont!
Missing character: There is no o in font nullfont!
Missing character: There is no m in font nullfont!
Missing character: There is no e in font nullfont!
Missing character: There is no c in font nullfont!
Missing character: There is no o in font nullfont!
Missing character: There is no n in font nullfont!
Missing character: There is no t in font nullfont!
Missing character: There is no e in font nullfont!
Missing character: There is no x in font nullfont!
Missing character: There is no t in font nullfont!
Missing character: There is no s in font nullfont!
Missing character: There is no ] in font nullfont!
Missing character: There is no ( in font nullfont!
! You can't use `macro parameter character #' in horizontal mode.
l.93 1. [Review some contexts](#
                                intro)
Sorry, but I'm not programmed to handle this case;
I'll just pretend that you didn't ask for it.
If you're in the wrong mode, you might be able to
return to the right one by typing `I}' or `I$' or `I\par'.

Missing character: There is no i in font nullfont!
Missing character: There is no n in font nullfont!
Missing character: There is no t in font nullfont!
Missing character: There is no r in font nullfont!
Missing character: There is no o in font nullfont!
Missing character: There is no ) in font nullfont!
Missing character: There is no + in font nullfont!
Missing character: There is no 2 in font nullfont!
Missing character: There is no . in font nullfont!
Missing character: There is no [ in font nullfont!
Missing character: There is no A in font nullfont!
Missing character: There is no s in font nullfont!
Missing character: There is no s in font nullfont!
Missing character: There is no i in font nullfont!
Missing character: There is no g in font nullfont!
Missing character: There is no n in font nullfont!
Missing character: There is no m in font nullfont!
Missing character: There is no e in font nullfont!
Missing character: There is no n in font nullfont!
Missing character: There is no t in font nullfont!
Missing character: There is no P in font nullfont!
Missing character: There is no r in font nullfont!
Missing character: There is no o in font nullfont!
Missing character: There is no c in font nullfont!
Missing character: There is no e in font nullfont!
Missing character: There is no d in font nullfont!
Missing character: There is no u in font nullfont!
Missing character: There is no r in font nullfont!
Missing character: There is no e in font nullfont!
Missing character: There is no ] in font nullfont!
Missing character: There is no ( in font nullfont!
! You can't use `macro parameter character #' in horizontal mode.
l.95 2. [Assignment Procedure](#
                                assignment)
Sorry, but I'm not programmed to handle this case;
I'll just pretend that you didn't ask for it.
If you're in the wrong mode, you might be able to
return to the right one by typing `I}' or `I$' or `I\par'.

Missing character: There is no a in font nullfont!
Missing character: There is no s in font nullfont!
Missing character: There is no s in font nullfont!
Missing character: There is no i in font nullfont!
Missing character: There is no g in font nullfont!
Missing character: There is no n in font nullfont!
Missing character: There is no m in font nullfont!
Missing character: There is no e in font nullfont!
Missing character: There is no n in font nullfont!
Missing character: There is no t in font nullfont!
Missing character: There is no ) in font nullfont!
Missing character: There is no 3 in font nullfont!
Missing character: There is no . in font nullfont!
Missing character: There is no [ in font nullfont!
Missing character: There is no E in font nullfont!
Missing character: There is no x in font nullfont!
Missing character: There is no e in font nullfont!
Missing character: There is no r in font nullfont!
Missing character: There is no c in font nullfont!
Missing character: There is no i in font nullfont!
Missing character: There is no s in font nullfont!
Missing character: There is no e in font nullfont!
Missing character: There is no ] in font nullfont!
Missing character: There is no ( in font nullfont!
! You can't use `macro parameter character #' in horizontal mode.
l.96 3. [Exercise](#
                    Rmarkdown)
Sorry, but I'm not programmed to handle this case;
I'll just pretend that you didn't ask for it.
If you're in the wrong mode, you might be able to
return to the right one by typing `I}' or `I$' or `I\par'.

Missing character: There is no R in font nullfont!
Missing character: There is no m in font nullfont!
Missing character: There is no a in font nullfont!
Missing character: There is no r in font nullfont!
Missing character: There is no k in font nullfont!
Missing character: There is no d in font nullfont!
Missing character: There is no o in font nullfont!
Missing character: There is no w in font nullfont!
Missing character: There is no n in font nullfont!
Missing character: There is no ) in font nullfont!

Overfull \hbox (20.0pt too wide) in paragraph at lines 93--97
[]
 []


! LaTeX Error: Missing \begin{document}.

See the LaTeX manual or LaTeX Companion for explanation.
Type  H <return>  for immediate help.
 ...                                              
                                                  
l.98 -
      --
You're in trouble here.  Try typing  <return>  to proceed.
If that doesn't work, type  X <return>  to quit.

Missing character: There is no - in font nullfont!
Missing character: There is no - in font nullfont!
Missing character: There is no - in font nullfont!

Overfull \hbox (20.0pt too wide) in paragraph at lines 98--99
[] 
 []


! LaTeX Error: Missing \begin{document}.

See the LaTeX manual or LaTeX Companion for explanation.
Type  H <return>  for immediate help.
 ...                                              
                                                  
l.100 c
       lass: inverse, center, middle
You're in trouble here.  Try typing  <return>  to proceed.
If that doesn't work, type  X <return>  to quit.

Missing character: There is no c in font nullfont!
Missing character: There is no l in font nullfont!
Missing character: There is no a in font nullfont!
Missing character: There is no s in font nullfont!
Missing character: There is no s in font nullfont!
Missing character: There is no : in font nullfont!
Missing character: There is no i in font nullfont!
Missing character: There is no n in font nullfont!
Missing character: There is no v in font nullfont!
Missing character: There is no e in font nullfont!
Missing character: There is no r in font nullfont!
Missing character: There is no s in font nullfont!
Missing character: There is no e in font nullfont!
Missing character: There is no , in font nullfont!
Missing character: There is no c in font nullfont!
Missing character: There is no e in font nullfont!
Missing character: There is no n in font nullfont!
Missing character: There is no t in font nullfont!
Missing character: There is no e in font nullfont!
Missing character: There is no r in font nullfont!
Missing character: There is no , in font nullfont!
Missing character: There is no m in font nullfont!
Missing character: There is no i in font nullfont!
Missing character: There is no d in font nullfont!
Missing character: There is no d in font nullfont!
Missing character: There is no l in font nullfont!
Missing character: There is no e in font nullfont!
Missing character: There is no n in font nullfont!
Missing character: There is no a in font nullfont!
Missing character: There is no m in font nullfont!
Missing character: There is no e in font nullfont!
Missing character: There is no : in font nullfont!
Missing character: There is no i in font nullfont!
Missing character: There is no n in font nullfont!
Missing character: There is no t in font nullfont!
Missing character: There is no r in font nullfont!
Missing character: There is no o in font nullfont!

Overfull \hbox (20.0pt too wide) in paragraph at lines 100--102
[]
 []

! You can't use `macro parameter character #' in vertical mode.
l.103 #
        Introduction
Sorry, but I'm not programmed to handle this case;
I'll just pretend that you didn't ask for it.
If you're in the wrong mode, you might be able to
return to the right one by typing `I}' or `I$' or `I\par'.


! LaTeX Error: Missing \begin{document}.

See the LaTeX manual or LaTeX Companion for explanation.
Type  H <return>  for immediate help.
 ...                                              
                                                  
l.103 # I
         ntroduction
You're in trouble here.  Try typing  <return>  to proceed.
If that doesn't work, type  X <return>  to quit.

Missing character: There is no I in font nullfont!
Missing character: There is no n in font nullfont!
Missing character: There is no t in font nullfont!
Missing character: There is no r in font nullfont!
Missing character: There is no o in font nullfont!
Missing character: There is no d in font nullfont!
Missing character: There is no u in font nullfont!
Missing character: There is no c in font nullfont!
Missing character: There is no t in font nullfont!
Missing character: There is no i in font nullfont!
Missing character: There is no o in font nullfont!
Missing character: There is no n in font nullfont!

Overfull \hbox (20.0pt too wide) in paragraph at lines 103--104
[] 
 []


! LaTeX Error: Missing \begin{document}.

See the LaTeX manual or LaTeX Companion for explanation.
Type  H <return>  for immediate help.
 ...                                              
                                                  
l.105 <
       html><div style='float:left'></div><hr color='#EB811B' size=1px width...

You're in trouble here.  Try typing  <return>  to proceed.
If that doesn't work, type  X <return>  to quit.

Missing character: There is no < in font nullfont!
Missing character: There is no h in font nullfont!
Missing character: There is no t in font nullfont!
Missing character: There is no m in font nullfont!
Missing character: There is no l in font nullfont!
Missing character: There is no > in font nullfont!
Missing character: There is no < in font nullfont!
Missing character: There is no d in font nullfont!
Missing character: There is no i in font nullfont!
Missing character: There is no v in font nullfont!
Missing character: There is no s in font nullfont!
Missing character: There is no t in font nullfont!
Missing character: There is no y in font nullfont!
Missing character: There is no l in font nullfont!
Missing character: There is no e in font nullfont!
Missing character: There is no = in font nullfont!
Missing character: There is no ' in font nullfont!
Missing character: There is no f in font nullfont!
Missing character: There is no l in font nullfont!
Missing character: There is no o in font nullfont!
Missing character: There is no a in font nullfont!
Missing character: There is no t in font nullfont!
Missing character: There is no : in font nullfont!
Missing character: There is no l in font nullfont!
Missing character: There is no e in font nullfont!
Missing character: There is no f in font nullfont!
Missing character: There is no t in font nullfont!
Missing character: There is no ' in font nullfont!
Missing character: There is no > in font nullfont!
Missing character: There is no < in font nullfont!
Missing character: There is no / in font nullfont!
Missing character: There is no d in font nullfont!
Missing character: There is no i in font nullfont!
Missing character: There is no v in font nullfont!
Missing character: There is no > in font nullfont!
Missing character: There is no < in font nullfont!
Missing character: There is no h in font nullfont!
Missing character: There is no r in font nullfont!
Missing character: There is no c in font nullfont!
Missing character: There is no o in font nullfont!
Missing character: There is no l in font nullfont!
Missing character: There is no o in font nullfont!
Missing character: There is no r in font nullfont!
Missing character: There is no = in font nullfont!
Missing character: There is no ' in font nullfont!
! You can't use `macro parameter character #' in horizontal mode.
l.105 ...div style='float:left'></div><hr color='#
                                                  EB811B' size=1px width=796...
Sorry, but I'm not programmed to handle this case;
I'll just pretend that you didn't ask for it.
If you're in the wrong mode, you might be able to
return to the right one by typing `I}' or `I$' or `I\par'.

Missing character: There is no E in font nullfont!
Missing character: There is no B in font nullfont!
Missing character: There is no 8 in font nullfont!
Missing character: There is no 1 in font nullfont!
Missing character: There is no 1 in font nullfont!
Missing character: There is no B in font nullfont!
Missing character: There is no ' in font nullfont!
Missing character: There is no s in font nullfont!
Missing character: There is no i in font nullfont!
Missing character: There is no z in font nullfont!
Missing character: There is no e in font nullfont!
Missing character: There is no = in font nullfont!
Missing character: There is no 1 in font nullfont!
Missing character: There is no p in font nullfont!
Missing character: There is no x in font nullfont!
Missing character: There is no w in font nullfont!
Missing character: There is no i in font nullfont!
Missing character: There is no d in font nullfont!
Missing character: There is no t in font nullfont!
Missing character: There is no h in font nullfont!
Missing character: There is no = in font nullfont!
Missing character: There is no 7 in font nullfont!
Missing character: There is no 9 in font nullfont!
Missing character: There is no 6 in font nullfont!
Missing character: There is no p in font nullfont!
Missing character: There is no x in font nullfont!
Missing character: There is no > in font nullfont!
Missing character: There is no < in font nullfont!
Missing character: There is no / in font nullfont!
Missing character: There is no h in font nullfont!
Missing character: There is no t in font nullfont!
Missing character: There is no m in font nullfont!
Missing character: There is no l in font nullfont!
Missing character: There is no > in font nullfont!

Overfull \hbox (20.0pt too wide) in paragraph at lines 105--106
[]
 []


! LaTeX Error: Missing \begin{document}.

See the LaTeX manual or LaTeX Companion for explanation.
Type  H <return>  for immediate help.
 ...                                              
                                                  
l.107 -
       --
You're in trouble here.  Try typing  <return>  to proceed.
If that doesn't work, type  X <return>  to quit.

Missing character: There is no - in font nullfont!
Missing character: There is no - in font nullfont!
Missing character: There is no - in font nullfont!
)
! Emergency stop.
<*> ...tation/2_probability/recitation2_slides.rmd
                                                  
*** (job aborted, no legal \end found)

 
Here is how much of TeX's memory you used:
 21 strings out of 480228
 849 string characters out of 5895606
 289337 words of memory out of 5000000
 18074 multiletter control sequences out of 15000+600000
 469259 words of font info for 28 fonts, out of 8000000 for 9000
 14 hyphenation exceptions out of 8191
 18i,1n,12p,227b,56s stack positions out of 10000i,1000n,20000p,200000b,200000s
!  ==> Fatal error occurred, no output PDF file produced!
